\BOOKMARK [1][-]{section.1}{First steps}{}% 1
\BOOKMARK [2][-]{subsection.1.1}{Environment}{section.1}% 2
\BOOKMARK [3][-]{subsubsection.1.1.1}{Installing ROS}{subsection.1.1}% 3
\BOOKMARK [3][-]{subsubsection.1.1.2}{Necessary ROS packages}{subsection.1.1}% 4
\BOOKMARK [3][-]{subsubsection.1.1.3}{QT}{subsection.1.1}% 5
\BOOKMARK [2][-]{subsection.1.2}{Pumpkin Installation}{section.1}% 6
\BOOKMARK [3][-]{subsubsection.1.2.1}{Building the core packages}{subsection.1.2}% 7
\BOOKMARK [3][-]{subsubsection.1.2.2}{Building the GUI packages}{subsection.1.2}% 8
\BOOKMARK [2][-]{subsection.1.3}{Last environment settings}{section.1}% 9
\BOOKMARK [2][-]{subsection.1.4}{Running Pumpkin}{section.1}% 10
\BOOKMARK [1][-]{section.2}{Using Pumpkin}{}% 11
\BOOKMARK [2][-]{subsection.2.1}{Basics}{section.2}% 12
\BOOKMARK [2][-]{subsection.2.2}{The PumpkinQT}{section.2}% 13
\BOOKMARK [3][-]{subsubsection.2.2.1}{Playback}{subsection.2.2}% 14
\BOOKMARK [3][-]{subsubsection.2.2.2}{Record}{subsection.2.2}% 15
\BOOKMARK [3][-]{subsubsection.2.2.3}{Scene}{subsection.2.2}% 16
\BOOKMARK [2][-]{subsection.2.3}{Other PumpkinQT ...}{section.2}% 17
\BOOKMARK [3][-]{subsubsection.2.3.1}{Manage files and folders}{subsection.2.3}% 18
\BOOKMARK [3][-]{subsubsection.2.3.2}{SSC Move Command Sender}{subsection.2.3}% 19
\BOOKMARK [1][-]{section.3}{Understanding the project}{}% 20
